<?xml version="1.0" encoding="UTF-8"?>
<!-- Generated by org.testng.reporters.JUnitReportReporter -->
<testsuite hostname="DESKTOP-KM0QCD1" failures="0" tests="3" name="Selenium_S2_ExtentJenkins_PracticeExcercises.PS4_ExtentReportr" time="46.176" errors="0" timestamp="2024-02-09T23:45:39 IST" skipped="0">
  <testcase classname="Selenium_S2_ExtentJenkins_PracticeExcercises.PS4_ExtentReportr" name="testLogin3" time="15.055"/>
  <testcase classname="Selenium_S2_ExtentJenkins_PracticeExcercises.PS4_ExtentReportr" name="testLogin2" time="13.915"/>
  <testcase classname="Selenium_S2_ExtentJenkins_PracticeExcercises.PS4_ExtentReportr" name="testLogin1" time="17.206"/>
</testsuite> <!-- Selenium_S2_ExtentJenkins_PracticeExcercises.PS4_ExtentReportr -->
