<?xml version="1.0" encoding="UTF-8"?>
<!-- Generated by org.testng.reporters.JUnitReportReporter -->
<testsuite hostname="DESKTOP-KM0QCD1" failures="0" tests="3" name="Selenium_S2_ExtentJenkins_PracticeExcercises.PS4_ExtentReportr" time="59.435" errors="0" timestamp="2024-02-10T22:21:56 IST" skipped="0">
  <testcase classname="Selenium_S2_ExtentJenkins_PracticeExcercises.PS4_ExtentReportr" name="testLogin2" time="19.867"/>
  <testcase classname="Selenium_S2_ExtentJenkins_PracticeExcercises.PS4_ExtentReportr" name="testLogin1" time="19.629"/>
  <testcase classname="Selenium_S2_ExtentJenkins_PracticeExcercises.PS4_ExtentReportr" name="testLogin3" time="19.939"/>
</testsuite> <!-- Selenium_S2_ExtentJenkins_PracticeExcercises.PS4_ExtentReportr -->
