<?xml version="1.0" encoding="UTF-8"?>
<!-- Generated by org.testng.reporters.JUnitReportReporter -->
<testsuite hostname="DESKTOP-KM0QCD1" failures="0" tests="3" name="Selenium_S2_ExtentJenkins_PracticeExcercises.PS4_ExtentReportr" time="42.815" errors="0" timestamp="2024-02-09T23:33:38 IST" skipped="0">
  <testcase classname="Selenium_S2_ExtentJenkins_PracticeExcercises.PS4_ExtentReportr" name="testLogin1" time="15.957"/>
  <testcase classname="Selenium_S2_ExtentJenkins_PracticeExcercises.PS4_ExtentReportr" name="testLogin2" time="13.548"/>
  <testcase classname="Selenium_S2_ExtentJenkins_PracticeExcercises.PS4_ExtentReportr" name="testLogin3" time="13.310"/>
</testsuite> <!-- Selenium_S2_ExtentJenkins_PracticeExcercises.PS4_ExtentReportr -->
