<?xml version="1.0" encoding="UTF-8"?>
<!-- Generated by org.testng.reporters.JUnitReportReporter -->
<testsuite hostname="DESKTOP-KM0QCD1" failures="0" tests="3" name="Selenium_S2_ExtentJenkins_PracticeExcercises.PS4_ExtentReportr" time="65.036" errors="0" timestamp="2024-02-10T21:48:51 IST" skipped="0">
  <testcase classname="Selenium_S2_ExtentJenkins_PracticeExcercises.PS4_ExtentReportr" name="testLogin3" time="25.601"/>
  <testcase classname="Selenium_S2_ExtentJenkins_PracticeExcercises.PS4_ExtentReportr" name="testLogin1" time="19.157"/>
  <testcase classname="Selenium_S2_ExtentJenkins_PracticeExcercises.PS4_ExtentReportr" name="testLogin2" time="20.278"/>
</testsuite> <!-- Selenium_S2_ExtentJenkins_PracticeExcercises.PS4_ExtentReportr -->
